-------------------------------------------------------------------------------
Test set: ntou.cse.soselab.JUnit4To5MigrationApplicationTests
-------------------------------------------------------------------------------
Tests run: 2, Failures: 1, Errors: 0, Skipped: 0, Time elapsed: 1.251 s <<< FAILURE! -- in ntou.cse.soselab.JUnit4To5MigrationApplicationTests
ntou.cse.soselab.JUnit4To5MigrationApplicationTests.testAdd -- Time elapsed: 0.552 s <<< FAILURE!
java.lang.AssertionError: expected:<20> but was:<30>
	at org.junit.Assert.fail(Assert.java:89)
	at org.junit.Assert.failNotEquals(Assert.java:835)
	at org.junit.Assert.assertEquals(Assert.java:647)
	at org.junit.Assert.assertEquals(Assert.java:633)
	at ntou.cse.soselab.JUnit4To5MigrationApplicationTests.testAdd(JUnit4To5MigrationApplicationTests.java:21)
	at java.base/java.lang.reflect.Method.invoke(Method.java:568)
	at java.base/java.util.ArrayList.forEach(ArrayList.java:1511)
	at java.base/java.util.ArrayList.forEach(ArrayList.java:1511)

